<!DOCTYPE html PUBLIC "-//W3C//DTD XHTML 1.1//EN" "https://www.w3.org/TR/xhtml11/DTD/xhtml11.dtd">
<html xmlns="https://www.w3.org/1999/xhtml">
<head>
<meta http-equiv="content-type" content="text/html; charset=UTF-8"/>
<title>TestNG Report</title>
<style type="text/css">table {margin-bottom:10px;border-collapse:collapse;empty-cells:show}th,td {border:1px solid #009;padding:.25em .5em}th {vertical-align:bottom}td {vertical-align:top}table a {font-weight:bold}.stripe td {background-color: #E6EBF9}.num {text-align:right}.passedodd td {background-color: #3F3}.passedeven td {background-color: #0A0}.skippedodd td {background-color: #DDD}.skippedeven td {background-color: #CCC}.failedodd td,.attn {background-color: #F33}.failedeven td,.stripe .attn {background-color: #D00}.stacktrace {white-space:pre;font-family:monospace}.totop {font-size:85%;text-align:center;border-bottom:2px solid #000}.invisible {display:none}</style>
</head>
<body>
<table>
<tr><th>Test</th><th># Passed</th><th># Skipped</th><th># Retried</th><th># Failed</th><th>Time (ms)</th><th>Included Groups</th><th>Excluded Groups</th></tr>
<tr><th colspan="8">Suite</th></tr>
<tr><td><a href="#t0">Test</a></td><td class="num">5</td><td class="num">0</td><td class="num">0</td><td class="num attn">2</td><td class="num">142,332</td><td></td><td></td></tr>
</table>
<table id='summary'><thead><tr><th>Class</th><th>Method</th><th>Start</th><th>Time (ms)</th></tr></thead><tbody><tr><th colspan="4">Suite</th></tr></tbody><tbody id="t0"><tr><th colspan="4">Test &#8212; failed</th></tr><tr class="failedeven"><td rowspan="2">com.qa.test.testRegisterTestNG</td><td><a href="#m0">registerTest</a></td><td rowspan="2">1599293429731</td><td rowspan="2">26790</td></tr><tr class="failedeven"><td><a href="#m1">registerTest</a></td></tr><tr><th colspan="4">Test &#8212; passed</th></tr><tr class="passedeven"><td rowspan="3">com.qa.test.testAddToCardTestNG</td><td><a href="#m2">addToCartTest</a></td><td rowspan="3">1599293486664</td><td rowspan="3">22158</td></tr><tr class="passedeven"><td><a href="#m3">addToCartTest</a></td></tr><tr class="passedeven"><td><a href="#m4">addToCartTest</a></td></tr><tr class="passedodd"><td rowspan="2">com.qa.test.testLoginTestNG</td><td><a href="#m5">loginTest</a></td><td rowspan="2">1599293414650</td><td rowspan="2">14261</td></tr><tr class="passedodd"><td><a href="#m6">loginTest</a></td></tr></tbody>
</table>
<h2>Test</h2><h3 id="m0">com.qa.test.testRegisterTestNG#registerTest</h3><table class="result"><tr class="param"><th>Parameter #1</th><th>Parameter #2</th></tr><tr class="param stripe"><td>test18@gmail.com</td><td>Test@gmail</td></tr><tr><th colspan="2">Messages</th></tr><tr><td colspan="2"><div class="messages"><a target="_blank" href="\1599293456524.png">Screen Short</a><br/><br><br/><br><br/><a target="_blank" href="\1599293456524.png"><img src="\1599293456524.png" height=200 width=200></img></a></div></td></tr><tr><th colspan="2">Exception</th></tr><tr><td colspan="2"><div class="stacktrace">org.openqa.selenium.NoSuchElementException: no such element: Unable to locate element: {&quot;method&quot;:&quot;xpath&quot;,&quot;selector&quot;:&quot;	//a[contains(text(),&apos;Logout&apos;)]&quot;}
  (Session info: chrome=84.0.4147.135)
For documentation on this error, please visit: https://www.seleniumhq.org/exceptions/no_such_element.html
Build info: version: &apos;3.141.59&apos;, revision: &apos;e82be7d358&apos;, time: &apos;2018-11-14T08:17:03&apos;
System info: host: &apos;DESKTOP-1ECMA7U&apos;, ip: &apos;192.168.1.150&apos;, os.name: &apos;Windows 10&apos;, os.arch: &apos;amd64&apos;, os.version: &apos;10.0&apos;, java.version: &apos;1.8.0_181&apos;
Driver info: org.openqa.selenium.chrome.ChromeDriver
Capabilities {acceptInsecureCerts: false, browserName: chrome, browserVersion: 84.0.4147.135, chrome: {chromedriverVersion: 84.0.4147.30 (48b3e868b4cc0..., userDataDir: C:\WINDOWS\TEMP\scoped_dir3...}, goog:chromeOptions: {debuggerAddress: localhost:61617}, javascriptEnabled: true, networkConnectionEnabled: false, pageLoadStrategy: normal, platform: WINDOWS, platformName: WINDOWS, proxy: Proxy(), setWindowRect: true, strictFileInteractability: false, timeouts: {implicit: 0, pageLoad: 300000, script: 30000}, unhandledPromptBehavior: dismiss and notify, webauthn:virtualAuthenticators: true}
Session ID: b0f299a411c4d8864a668b9ef5efb737
*** Element info: {Using=xpath, value=	//a[contains(text(),&apos;Logout&apos;)]}
	at org.openqa.selenium.remote.http.W3CHttpResponseCodec.createException(W3CHttpResponseCodec.java:187)
	at org.openqa.selenium.remote.http.W3CHttpResponseCodec.decode(W3CHttpResponseCodec.java:122)
	at org.openqa.selenium.remote.http.W3CHttpResponseCodec.decode(W3CHttpResponseCodec.java:49)
	at org.openqa.selenium.remote.HttpCommandExecutor.execute(HttpCommandExecutor.java:158)
	at org.openqa.selenium.remote.service.DriverCommandExecutor.execute(DriverCommandExecutor.java:83)
	at org.openqa.selenium.remote.RemoteWebDriver.execute(RemoteWebDriver.java:552)
	at org.openqa.selenium.remote.RemoteWebDriver.findElement(RemoteWebDriver.java:323)
	at org.openqa.selenium.remote.RemoteWebDriver.findElementByXPath(RemoteWebDriver.java:428)
	at org.openqa.selenium.By$ByXPath.findElement(By.java:353)
	at org.openqa.selenium.remote.RemoteWebDriver.findElement(RemoteWebDriver.java:315)
	at com.qa.pages.myAccountObject.clickLogout(myAccountObject.java:42)
	at com.qa.test.testRegisterTestNG.registerTest(testRegisterTestNG.java:50)
	at java.util.ArrayList.forEach(ArrayList.java:1257)
... Removed 35 stack frames</div></td></tr></table><p class="totop"><a href="#summary">back to summary</a></p>
<h3 id="m1">com.qa.test.testRegisterTestNG#registerTest</h3><table class="result"><tr class="param"><th>Parameter #1</th><th>Parameter #2</th></tr><tr class="param stripe"><td>test19@gmail.com</td><td>Test@gmail</td></tr><tr><th colspan="2">Messages</th></tr><tr><td colspan="2"><div class="messages"><a target="_blank" href="\1599293485953.png">Screen Short</a><br/><br><br/><br><br/><a target="_blank" href="\1599293485953.png"><img src="\1599293485953.png" height=200 width=200></img></a></div></td></tr><tr><th colspan="2">Exception</th></tr><tr><td colspan="2"><div class="stacktrace">org.openqa.selenium.NoSuchElementException: no such element: Unable to locate element: {&quot;method&quot;:&quot;xpath&quot;,&quot;selector&quot;:&quot;	//a[contains(text(),&apos;Logout&apos;)]&quot;}
  (Session info: chrome=84.0.4147.135)
For documentation on this error, please visit: https://www.seleniumhq.org/exceptions/no_such_element.html
Build info: version: &apos;3.141.59&apos;, revision: &apos;e82be7d358&apos;, time: &apos;2018-11-14T08:17:03&apos;
System info: host: &apos;DESKTOP-1ECMA7U&apos;, ip: &apos;192.168.1.150&apos;, os.name: &apos;Windows 10&apos;, os.arch: &apos;amd64&apos;, os.version: &apos;10.0&apos;, java.version: &apos;1.8.0_181&apos;
Driver info: org.openqa.selenium.chrome.ChromeDriver
Capabilities {acceptInsecureCerts: false, browserName: chrome, browserVersion: 84.0.4147.135, chrome: {chromedriverVersion: 84.0.4147.30 (48b3e868b4cc0..., userDataDir: C:\WINDOWS\TEMP\scoped_dir3...}, goog:chromeOptions: {debuggerAddress: localhost:61617}, javascriptEnabled: true, networkConnectionEnabled: false, pageLoadStrategy: normal, platform: WINDOWS, platformName: WINDOWS, proxy: Proxy(), setWindowRect: true, strictFileInteractability: false, timeouts: {implicit: 0, pageLoad: 300000, script: 30000}, unhandledPromptBehavior: dismiss and notify, webauthn:virtualAuthenticators: true}
Session ID: b0f299a411c4d8864a668b9ef5efb737
*** Element info: {Using=xpath, value=	//a[contains(text(),&apos;Logout&apos;)]}
	at org.openqa.selenium.remote.http.W3CHttpResponseCodec.createException(W3CHttpResponseCodec.java:187)
	at org.openqa.selenium.remote.http.W3CHttpResponseCodec.decode(W3CHttpResponseCodec.java:122)
	at org.openqa.selenium.remote.http.W3CHttpResponseCodec.decode(W3CHttpResponseCodec.java:49)
	at org.openqa.selenium.remote.HttpCommandExecutor.execute(HttpCommandExecutor.java:158)
	at org.openqa.selenium.remote.service.DriverCommandExecutor.execute(DriverCommandExecutor.java:83)
	at org.openqa.selenium.remote.RemoteWebDriver.execute(RemoteWebDriver.java:552)
	at org.openqa.selenium.remote.RemoteWebDriver.findElement(RemoteWebDriver.java:323)
	at org.openqa.selenium.remote.RemoteWebDriver.findElementByXPath(RemoteWebDriver.java:428)
	at org.openqa.selenium.By$ByXPath.findElement(By.java:353)
	at org.openqa.selenium.remote.RemoteWebDriver.findElement(RemoteWebDriver.java:315)
	at com.qa.pages.myAccountObject.clickLogout(myAccountObject.java:42)
	at com.qa.test.testRegisterTestNG.registerTest(testRegisterTestNG.java:50)
	at java.util.ArrayList.forEach(ArrayList.java:1257)
... Removed 35 stack frames</div></td></tr></table><p class="totop"><a href="#summary">back to summary</a></p>
<h3 id="m2">com.qa.test.testAddToCardTestNG#addToCartTest</h3><table class="result"><tr class="param"><th>Parameter #1</th><th>Parameter #2</th></tr><tr class="param stripe"><td>Album</td><td>15,0</td></tr><tr><th colspan="2">Messages</th></tr><tr><td colspan="2"><div class="messages"><a target="_blank" href="\1599293508822.png">Screen Short</a><br/><br><br/><br><br/><a target="_blank" href="\1599293508822.png"><img src="\1599293508822.png" height=200 width=200></img></a></div></td></tr></table><p class="totop"><a href="#summary">back to summary</a></p>
<h3 id="m3">com.qa.test.testAddToCardTestNG#addToCartTest</h3><table class="result"><tr class="param"><th>Parameter #1</th><th>Parameter #2</th></tr><tr class="param stripe"><td>Beanie with Logo</td><td>18,0</td></tr><tr><th colspan="2">Messages</th></tr><tr><td colspan="2"><div class="messages"><a target="_blank" href="\1599293518376.png">Screen Short</a><br/><br><br/><br><br/><a target="_blank" href="\1599293518376.png"><img src="\1599293518376.png" height=200 width=200></img></a></div></td></tr></table><p class="totop"><a href="#summary">back to summary</a></p>
<h3 id="m4">com.qa.test.testAddToCardTestNG#addToCartTest</h3><table class="result"><tr class="param"><th>Parameter #1</th><th>Parameter #2</th></tr><tr class="param stripe"><td>Beanie</td><td>18,0</td></tr><tr><th colspan="2">Messages</th></tr><tr><td colspan="2"><div class="messages"><a target="_blank" href="\1599293530729.png">Screen Short</a><br/><br><br/><br><br/><a target="_blank" href="\1599293530729.png"><img src="\1599293530729.png" height=200 width=200></img></a></div></td></tr></table><p class="totop"><a href="#summary">back to summary</a></p>
<h3 id="m5">com.qa.test.testLoginTestNG#loginTest</h3><table class="result"><tr class="param"><th>Parameter #1</th><th>Parameter #2</th></tr><tr class="param stripe"><td>test11@gmail.com</td><td>Test@gmail</td></tr><tr><th colspan="2">Messages</th></tr><tr><td colspan="2"><div class="messages"><a target="_blank" href="\1599293428911.png">Screen Short</a><br/><br><br/><br><br/><a target="_blank" href="\1599293428911.png"><img src="\1599293428911.png" height=200 width=200></img></a></div></td></tr></table><p class="totop"><a href="#summary">back to summary</a></p>
<h3 id="m6">com.qa.test.testLoginTestNG#loginTest</h3><table class="result"><tr class="param"><th>Parameter #1</th><th>Parameter #2</th></tr><tr class="param stripe"><td>test10@gmail.com</td><td>Test@gmail</td></tr><tr><th colspan="2">Messages</th></tr><tr><td colspan="2"><div class="messages"><a target="_blank" href="\1599293412737.png">Screen Short</a><br/><br><br/><br><br/><a target="_blank" href="\1599293412737.png"><img src="\1599293412737.png" height=200 width=200></img></a></div></td></tr></table><p class="totop"><a href="#summary">back to summary</a></p>
</body>
</html>
